SF:/Volumes/MacDocs/dev/dart/Frameworks/upper/lib/src/io.dart
DA:7,1
DA:8,3
DA:9,2
DA:11,1
DA:12,0
DA:17,1
DA:19,2
DA:21,5
DA:25,2
DA:28,1
DA:29,2
DA:30,2
DA:32,2
DA:33,0
DA:34,0
DA:35,0
DA:38,2
DA:42,1
DA:49,1
DA:50,2
DA:52,2
DA:54,2
DA:56,1
DA:59,1
LF:24
LH:20
end_of_record
SF:/Volumes/MacDocs/dev/dart/Frameworks/upper/lib/static_grpc/grpc_project_json.dart
DA:16,1
DA:45,1
DA:61,1
DA:64,1
DA:66,1
DA:79,1
DA:80,1
DA:81,3
DA:82,0
DA:83,1
DA:84,2
DA:85,1
DA:86,1
DA:87,1
DA:88,1
DA:89,1
DA:90,1
DA:91,1
DA:92,1
DA:93,1
DA:94,1
DA:99,0
DA:103,1
DA:106,1
DA:108,2
DA:109,2
DA:110,0
DA:111,2
DA:114,1
DA:115,0
DA:117,1
DA:121,1
DA:124,1
DA:126,1
DA:140,1
DA:141,1
DA:142,2
DA:143,1
DA:144,1
DA:145,1
DA:146,1
DA:147,1
DA:148,1
DA:149,1
DA:150,1
DA:151,1
DA:152,1
DA:153,1
DA:154,1
DA:157,0
DA:161,1
DA:165,1
DA:167,2
DA:168,1
DA:169,2
DA:173,1
DA:174,1
DA:175,1
DA:176,1
DA:177,1
DA:178,1
DA:181,1
LF:62
LH:57
end_of_record
SF:/Volumes/MacDocs/dev/dart/Frameworks/upper/lib/static_grpc/grpc_project_update.dart
DA:7,1
DA:11,2
DA:12,0
DA:13,0
DA:16,1
DA:17,2
DA:21,2
DA:22,1
DA:25,2
DA:33,1
DA:37,1
DA:39,1
DA:40,1
DA:42,1
DA:43,1
DA:44,1
DA:49,1
DA:53,1
DA:54,1
DA:55,1
DA:57,1
DA:63,1
DA:67,1
DA:68,2
DA:69,3
DA:70,2
DA:72,1
DA:80,1
DA:85,2
DA:87,2
DA:89,2
DA:90,2
DA:91,1
DA:92,1
DA:93,1
DA:94,1
DA:95,1
DA:100,1
DA:102,2
DA:106,1
DA:110,3
DA:111,3
LF:42
LH:40
end_of_record
SF:/Volumes/MacDocs/dev/dart/Frameworks/upper/lib/static_grpc/grpc_project_structure.dart
DA:4,1
DA:6,1
DA:8,1
DA:9,2
DA:10,3
DA:11,3
DA:12,3
DA:13,4
DA:14,4
DA:15,3
DA:16,0
DA:17,0
DA:23,1
DA:24,1
DA:27,0
DA:28,0
DA:32,1
DA:35,2
DA:36,2
DA:37,2
DA:38,2
DA:39,3
DA:40,3
DA:41,3
DA:42,3
DA:44,0
DA:45,0
DA:51,1
DA:57,1
DA:59,2
DA:60,1
DA:61,1
DA:62,1
DA:63,1
DA:64,1
DA:65,1
DA:66,1
DA:67,1
DA:68,1
DA:69,1
DA:70,1
DA:71,1
DA:72,1
DA:73,1
DA:74,1
DA:75,1
DA:76,1
DA:77,1
DA:78,1
DA:79,1
DA:84,1
DA:86,2
DA:90,1
DA:95,1
DA:96,1
DA:97,1
DA:98,1
DA:99,1
DA:100,1
DA:104,1
DA:108,1
DA:110,1
DA:111,1
DA:112,1
DA:113,1
DA:114,1
DA:119,1
DA:124,1
DA:125,1
DA:126,1
DA:127,1
DA:128,1
DA:129,1
DA:130,1
DA:131,1
DA:132,1
DA:133,1
DA:134,1
DA:135,2
DA:136,1
DA:137,1
DA:138,1
DA:139,1
DA:140,1
DA:141,1
DA:142,1
DA:143,1
DA:148,1
DA:150,2
DA:151,1
DA:152,1
DA:153,1
DA:158,1
DA:176,1
LF:94
LH:88
end_of_record
SF:/Volumes/MacDocs/dev/dart/Frameworks/upper/lib/static_grpc/file_creator.dart
DA:11,0
DA:12,0
DA:14,1
DA:18,1
DA:19,1
DA:21,1
DA:23,1
DA:25,2
DA:27,2
DA:29,1
DA:32,2
DA:34,2
DA:36,1
DA:39,1
DA:41,0
DA:49,0
DA:53,0
DA:54,0
DA:58,0
DA:59,0
DA:60,0
DA:66,0
DA:67,0
DA:70,0
DA:72,0
DA:74,0
DA:75,0
DA:77,0
DA:78,0
DA:79,0
DA:80,0
DA:81,0
DA:82,0
DA:84,0
DA:85,0
DA:87,0
DA:91,0
DA:103,0
DA:106,0
DA:107,0
DA:108,0
DA:112,0
DA:114,0
DA:115,0
DA:117,0
DA:120,0
DA:123,0
DA:126,0
DA:127,0
DA:129,0
DA:139,0
DA:144,0
DA:145,0
DA:146,0
DA:147,0
DA:149,0
DA:150,0
DA:151,0
DA:152,0
DA:153,0
DA:154,0
DA:155,0
DA:156,0
DA:157,0
DA:158,0
DA:159,0
DA:160,0
DA:162,0
DA:166,0
DA:167,0
DA:170,0
DA:171,0
DA:172,0
DA:173,0
DA:174,0
DA:175,0
DA:176,0
DA:177,0
DA:178,0
DA:179,0
DA:180,0
DA:185,0
DA:187,0
DA:188,0
DA:190,0
DA:194,0
DA:195,0
DA:196,0
DA:199,0
DA:201,0
DA:205,0
DA:208,0
DA:209,0
DA:216,0
DA:219,0
DA:220,0
DA:228,1
DA:229,1
DA:232,0
DA:233,0
DA:237,0
DA:238,0
DA:239,0
DA:242,0
DA:244,0
DA:248,0
DA:249,0
DA:250,0
DA:253,0
DA:255,0
DA:259,0
DA:260,0
DA:261,0
DA:264,0
DA:266,0
DA:270,0
DA:271,0
DA:272,0
DA:275,0
DA:277,0
DA:281,0
DA:283,0
DA:284,0
DA:285,0
DA:286,0
DA:287,0
DA:291,0
DA:296,0
DA:297,0
DA:298,0
DA:299,0
DA:300,0
DA:301,0
DA:305,0
DA:309,1
DA:313,2
DA:314,1
DA:315,1
DA:316,1
DA:317,1
DA:318,1
DA:319,1
DA:320,2
DA:321,1
DA:322,1
DA:323,1
DA:324,1
DA:325,2
DA:326,1
DA:327,1
DA:328,1
DA:329,1
DA:330,1
DA:331,1
DA:332,1
DA:333,1
DA:335,2
DA:336,1
DA:337,1
DA:342,0
DA:364,0
DA:370,0
DA:372,0
DA:373,0
DA:374,0
DA:375,0
DA:376,0
DA:377,0
DA:378,0
DA:379,0
DA:380,0
DA:381,0
DA:382,0
DA:383,0
DA:384,0
DA:385,0
DA:386,0
DA:387,0
DA:388,0
DA:389,0
DA:390,0
DA:391,0
DA:392,0
DA:397,0
DA:399,0
DA:403,0
DA:405,0
DA:406,0
DA:407,0
DA:408,0
DA:409,0
DA:410,0
DA:411,0
DA:412,0
LF:194
LH:39
end_of_record
SF:/Volumes/MacDocs/dev/dart/Frameworks/upper/lib/src/static_grpc_framework.dart
DA:10,0
DA:11,0
DA:12,0
DA:16,0
DA:17,0
DA:18,0
DA:19,0
DA:20,0
DA:21,0
DA:22,0
DA:23,0
DA:25,0
DA:26,0
DA:32,0
DA:37,0
DA:39,0
DA:40,0
DA:41,0
DA:42,0
DA:46,0
DA:47,0
DA:50,0
DA:53,0
DA:54,0
DA:56,0
DA:57,0
DA:63,0
DA:64,0
DA:69,0
DA:70,0
DA:75,0
DA:76,0
DA:77,0
DA:78,0
DA:79,0
DA:80,0
DA:83,0
DA:84,0
DA:88,0
DA:89,0
DA:90,0
DA:91,0
DA:92,0
DA:93,0
DA:95,0
DA:103,0
DA:107,0
DA:108,0
DA:112,0
DA:113,0
DA:114,0
DA:115,0
DA:116,0
DA:118,0
DA:119,0
DA:120,0
DA:121,0
DA:122,0
DA:124,0
DA:130,0
DA:131,0
DA:132,0
DA:133,0
DA:134,0
DA:135,0
DA:138,0
DA:139,0
DA:143,0
DA:144,0
DA:145,0
DA:146,0
DA:147,0
DA:148,0
DA:150,0
DA:158,0
DA:159,0
DA:160,0
DA:161,0
DA:162,0
DA:163,0
DA:166,0
DA:167,0
DA:171,0
DA:172,0
DA:173,0
DA:174,0
DA:175,0
DA:176,0
DA:177,0
DA:178,0
DA:179,0
DA:180,0
DA:181,0
DA:184,0
DA:192,0
DA:193,0
LF:96
LH:0
end_of_record
SF:/Volumes/MacDocs/dev/dart/Frameworks/upper/lib/src/docker_engine.dart
DA:6,1
DA:12,1
DA:14,1
DA:17,0
DA:21,2
DA:24,2
DA:31,1
DA:39,1
DA:40,1
DA:42,2
DA:45,4
DA:46,1
DA:53,1
DA:57,3
DA:60,1
DA:66,2
DA:69,3
DA:70,1
DA:71,1
DA:73,1
DA:74,1
DA:75,1
DA:80,0
DA:86,0
DA:88,0
DA:91,0
DA:99,0
DA:101,0
DA:102,0
DA:105,0
DA:106,0
DA:109,0
DA:114,1
DA:119,1
DA:122,2
DA:125,2
DA:132,0
DA:139,0
DA:140,0
DA:142,0
DA:144,0
DA:145,0
DA:152,0
DA:157,0
DA:159,0
DA:160,0
DA:161,0
DA:163,0
DA:164,0
DA:165,0
DA:170,0
DA:176,0
DA:178,0
DA:181,0
LF:54
LH:25
end_of_record
SF:/Volumes/MacDocs/dev/dart/Frameworks/upper/lib/src/gcloud_engine.dart
DA:4,0
DA:16,0
DA:21,0
DA:23,0
DA:26,0
DA:27,0
DA:31,0
DA:34,0
DA:41,0
DA:51,0
DA:52,0
DA:53,0
DA:54,0
DA:55,0
DA:59,0
DA:65,0
DA:70,1
DA:71,1
DA:73,1
DA:74,2
DA:76,1
DA:79,5
DA:85,1
DA:93,1
DA:94,1
DA:96,1
DA:97,1
DA:98,2
DA:100,1
DA:105,0
DA:109,0
DA:110,0
DA:111,0
DA:112,0
DA:113,0
DA:115,0
DA:116,0
DA:117,0
DA:119,0
DA:120,0
DA:121,0
DA:122,0
DA:123,0
DA:128,0
DA:133,0
DA:135,0
DA:136,0
DA:137,0
DA:138,0
DA:139,0
DA:140,0
DA:141,0
DA:142,0
DA:143,0
DA:145,0
DA:146,0
DA:147,0
DA:148,0
DA:149,0
LF:59
LH:13
end_of_record
SF:/Volumes/MacDocs/dev/dart/Frameworks/upper/lib/static_grpc/grpc_compiler.dart
DA:4,0
DA:8,0
DA:9,0
DA:10,0
DA:13,0
DA:14,0
LF:6
LH:0
end_of_record
SF:/Volumes/MacDocs/dev/dart/Frameworks/upper/lib/static_grpc/grpc_compliation.dart
DA:4,1
DA:9,2
DA:11,1
DA:17,1
DA:21,2
DA:22,2
DA:23,1
DA:27,1
DA:33,2
DA:35,2
LF:10
LH:10
end_of_record
SF:/Volumes/MacDocs/dev/dart/Frameworks/upper/lib/static_grpc/project_creator.dart
DA:10,1
DA:16,3
DA:18,1
DA:19,4
DA:21,2
DA:22,2
DA:24,2
DA:28,1
DA:33,0
DA:37,0
DA:38,0
DA:42,0
DA:43,0
DA:44,0
DA:45,0
DA:48,0
DA:49,0
DA:57,0
DA:61,0
DA:62,0
DA:66,0
DA:67,0
DA:68,0
DA:69,0
DA:72,0
DA:73,0
DA:81,0
DA:85,0
DA:86,0
DA:90,0
DA:91,0
DA:92,0
DA:93,0
DA:96,0
DA:97,0
LF:35
LH:8
end_of_record
SF:/Volumes/MacDocs/dev/dart/Frameworks/upper/lib/static_grpc/validators.dart
DA:4,1
DA:6,1
DA:7,1
DA:9,2
DA:13,4
DA:14,1
DA:17,1
DA:18,3
LF:8
LH:8
end_of_record
